  glad.c
  RenderEngine.cpp
  Demo.cpp
f:\kuliah\semester 6\grafika dan visualisasi komputer\kode program\kelompok2_robotspongebob\vs\lesson05\demo.cpp(221): warning C4838: conversion from 'double' to 'float' requires a narrowing conversion
f:\kuliah\semester 6\grafika dan visualisasi komputer\kode program\kelompok2_robotspongebob\vs\lesson05\demo.cpp(221): warning C4305: 'initializing': truncation from 'double' to 'float'
f:\kuliah\semester 6\grafika dan visualisasi komputer\kode program\kelompok2_robotspongebob\vs\lesson05\demo.cpp(289): warning C4838: conversion from 'double' to 'float' requires a narrowing conversion
f:\kuliah\semester 6\grafika dan visualisasi komputer\kode program\kelompok2_robotspongebob\vs\lesson05\demo.cpp(289): warning C4305: 'initializing': truncation from 'double' to 'float'
f:\kuliah\semester 6\grafika dan visualisasi komputer\kode program\kelompok2_robotspongebob\vs\lesson05\demo.cpp(512): warning C4838: conversion from 'double' to 'float' requires a narrowing conversion
f:\kuliah\semester 6\grafika dan visualisasi komputer\kode program\kelompok2_robotspongebob\vs\lesson05\demo.cpp(512): warning C4305: 'initializing': truncation from 'double' to 'float'
f:\kuliah\semester 6\grafika dan visualisasi komputer\kode program\kelompok2_robotspongebob\vs\lesson05\demo.cpp(581): warning C4838: conversion from 'double' to 'float' requires a narrowing conversion
f:\kuliah\semester 6\grafika dan visualisasi komputer\kode program\kelompok2_robotspongebob\vs\lesson05\demo.cpp(581): warning C4305: 'initializing': truncation from 'double' to 'float'
f:\kuliah\semester 6\grafika dan visualisasi komputer\kode program\kelompok2_robotspongebob\vs\lesson05\demo.cpp(651): warning C4838: conversion from 'double' to 'float' requires a narrowing conversion
f:\kuliah\semester 6\grafika dan visualisasi komputer\kode program\kelompok2_robotspongebob\vs\lesson05\demo.cpp(651): warning C4305: 'initializing': truncation from 'double' to 'float'
f:\kuliah\semester 6\grafika dan visualisasi komputer\kode program\kelompok2_robotspongebob\vs\lesson05\demo.cpp(722): warning C4838: conversion from 'double' to 'float' requires a narrowing conversion
f:\kuliah\semester 6\grafika dan visualisasi komputer\kode program\kelompok2_robotspongebob\vs\lesson05\demo.cpp(722): warning C4305: 'initializing': truncation from 'double' to 'float'
f:\kuliah\semester 6\grafika dan visualisasi komputer\kode program\kelompok2_robotspongebob\vs\lesson05\demo.cpp(844): warning C4838: conversion from 'double' to 'float' requires a narrowing conversion
f:\kuliah\semester 6\grafika dan visualisasi komputer\kode program\kelompok2_robotspongebob\vs\lesson05\demo.cpp(844): warning C4305: 'initializing': truncation from 'double' to 'float'
f:\kuliah\semester 6\grafika dan visualisasi komputer\kode program\kelompok2_robotspongebob\vs\lesson05\demo.cpp(1467): warning C4838: conversion from 'double' to 'GLfloat' requires a narrowing conversion
f:\kuliah\semester 6\grafika dan visualisasi komputer\kode program\kelompok2_robotspongebob\vs\lesson05\demo.cpp(1467): warning C4305: 'initializing': truncation from 'double' to 'GLfloat'
  Generating Code...
LINK : warning LNK4098: defaultlib 'MSVCRT' conflicts with use of other libs; use /NODEFAULTLIB:library
SOIL.lib(image_DXT.obj) : warning LNK4099: PDB 'vc110.pdb' was not found with 'SOIL.lib(image_DXT.obj)' or at 'F:\KULIAH\Semester 6\Grafika dan Visualisasi Komputer\Kode Program\Kelompok2_RobotSpongebob\vs\Debug\vc110.pdb'; linking object as if no debug info
SOIL.lib(image_helper.obj) : warning LNK4099: PDB 'vc110.pdb' was not found with 'SOIL.lib(image_helper.obj)' or at 'F:\KULIAH\Semester 6\Grafika dan Visualisasi Komputer\Kode Program\Kelompok2_RobotSpongebob\vs\Debug\vc110.pdb'; linking object as if no debug info
SOIL.lib(SOIL.obj) : warning LNK4099: PDB 'vc110.pdb' was not found with 'SOIL.lib(SOIL.obj)' or at 'F:\KULIAH\Semester 6\Grafika dan Visualisasi Komputer\Kode Program\Kelompok2_RobotSpongebob\vs\Debug\vc110.pdb'; linking object as if no debug info
SOIL.lib(stb_image_aug.obj) : warning LNK4099: PDB 'vc110.pdb' was not found with 'SOIL.lib(stb_image_aug.obj)' or at 'F:\KULIAH\Semester 6\Grafika dan Visualisasi Komputer\Kode Program\Kelompok2_RobotSpongebob\vs\Debug\vc110.pdb'; linking object as if no debug info
  Lesson05.vcxproj -> F:\KULIAH\Semester 6\Grafika dan Visualisasi Komputer\Kode Program\Kelompok2_RobotSpongebob\vs\Debug\BikiniBottom.exe
  Lesson05.vcxproj -> F:\KULIAH\Semester 6\Grafika dan Visualisasi Komputer\Kode Program\Kelompok2_RobotSpongebob\vs\Debug\BikiniBottom.pdb (Partial PDB)
