  glad.c
  Demo.cpp
Demo.cpp(221): warning C4838: conversion from 'double' to 'float' requires a narrowing conversion
Demo.cpp(221): warning C4305: 'initializing': truncation from 'double' to 'float'
Demo.cpp(289): warning C4838: conversion from 'double' to 'float' requires a narrowing conversion
Demo.cpp(289): warning C4305: 'initializing': truncation from 'double' to 'float'
Demo.cpp(512): warning C4838: conversion from 'double' to 'float' requires a narrowing conversion
Demo.cpp(512): warning C4305: 'initializing': truncation from 'double' to 'float'
Demo.cpp(581): warning C4838: conversion from 'double' to 'float' requires a narrowing conversion
Demo.cpp(581): warning C4305: 'initializing': truncation from 'double' to 'float'
Demo.cpp(651): warning C4838: conversion from 'double' to 'float' requires a narrowing conversion
Demo.cpp(651): warning C4305: 'initializing': truncation from 'double' to 'float'
Demo.cpp(722): warning C4838: conversion from 'double' to 'float' requires a narrowing conversion
Demo.cpp(722): warning C4305: 'initializing': truncation from 'double' to 'float'
Demo.cpp(844): warning C4838: conversion from 'double' to 'float' requires a narrowing conversion
Demo.cpp(844): warning C4305: 'initializing': truncation from 'double' to 'float'
Demo.cpp(1467): warning C4838: conversion from 'double' to 'GLfloat' requires a narrowing conversion
Demo.cpp(1467): warning C4305: 'initializing': truncation from 'double' to 'GLfloat'
  RenderEngine.cpp
SOIL.lib(SOIL.obj) : warning LNK4075: ignoring '/EDITANDCONTINUE' due to '/OPT:ICF' specification
LINK : warning LNK4098: defaultlib 'MSVCRTD' conflicts with use of other libs; use /NODEFAULTLIB:library
MSVCRT.lib(exe_winmain.obj) : error LNK2001: unresolved external symbol _WinMain@16
F:\KULIAH\Semester 6\Grafika dan Visualisasi Komputer\Kode Program\Kelompok2_RobotSpongebob\vs\Release\BikiniBottom.exe : fatal error LNK1120: 1 unresolved externals
